<?xml version="1.0" encoding="UTF-8"?>
<!-- Generated by org.testng.reporters.JUnitXMLReporter -->
<testsuite ignored="3" hostname="DaivikG" failures="0" tests="1" name="Default test" time="33.097" errors="0" timestamp="2023-10-12T09:25:17 PDT">
  <testcase classname="tests.AccountsTest" name="accountTestTC10" time="22.067"/>
  <testcase classname="tests.AccountsTest" name="accountTestTC14" time="0.0">
    <ignored/>
  </testcase> <!-- accountTestTC14 -->
  <testcase classname="tests.AccountsTest" name="accountTestTC13" time="0.0">
    <ignored/>
  </testcase> <!-- accountTestTC13 -->
  <testcase classname="tests.AccountsTest" name="accountTestTC11" time="0.0">
    <ignored/>
  </testcase> <!-- accountTestTC11 -->
</testsuite> <!-- Default test -->
