<?xml version="1.0" encoding="UTF-8"?>
<!-- Generated by org.testng.reporters.JUnitXMLReporter -->
<testsuite ignored="4" hostname="LAPTOP-FLCEJUMH" failures="0" tests="2" name="Test" time="46.287" errors="0" timestamp="2023-09-04T19:38:04 GMT-07:00">
  <testcase classname="tests.LoginTest" name="loginTestTC01" time="3.082"/>
  <testcase classname="tests.UserMenuTest" name="userMenuDropDown_TC06" time="38.156"/>
  <testcase classname="testComponents.BaseTest" name="@BeforeTest setDriver" time="0.0">
    <ignored/>
  </testcase> <!-- @BeforeTest setDriver -->
  <testcase classname="testComponents.BaseTest" name="@AfterTest removeDriver" time="0.0">
    <ignored/>
  </testcase> <!-- @AfterTest removeDriver -->
  <testcase classname="testComponents.BaseTest" name="@AfterTest removeDriver" time="0.0">
    <ignored/>
  </testcase> <!-- @AfterTest removeDriver -->
  <testcase classname="testComponents.BaseTest" name="@BeforeTest setDriver" time="0.0">
    <ignored/>
  </testcase> <!-- @BeforeTest setDriver -->
</testsuite> <!-- Test -->
