<?xml version="1.0" encoding="UTF-8"?>
<testng-results ignored="0" total="1" passed="1" failed="0" skipped="0">
  <reporter-output>
  </reporter-output>
  <suite started-at="2023-09-04T22:50:58 GMT-07:00" name="Default suite" finished-at="2023-09-04T22:51:06 GMT-07:00" duration-ms="8243">
    <groups>
    </groups>
    <test started-at="2023-09-04T22:50:58 GMT-07:00" name="Default test" finished-at="2023-09-04T22:51:06 GMT-07:00" duration-ms="8243">
      <class name="tests.LoginTest">
        <test-method is-config="true" signature="setDriver()[pri:0, instance:tests.LoginTest@411341bd]" started-at="2023-09-04T22:50:58 GMT-07:00" name="setDriver" finished-at="2023-09-04T22:51:02 GMT-07:00" duration-ms="4115" status="PASS">
          <reporter-output>
          </reporter-output>
        </test-method> <!-- setDriver -->
        <test-method is-config="true" signature="setupTest(java.lang.reflect.Method)[pri:0, instance:tests.LoginTest@411341bd]" started-at="2023-09-04T22:51:02 GMT-07:00" name="setupTest" finished-at="2023-09-04T22:51:02 GMT-07:00" duration-ms="16" status="PASS">
          <params>
            <param index="0">
              <value>
                <![CDATA[public void tests.LoginTest.loginTestTC01() throws java.io.IOException]]>
              </value>
            </param>
          </params>
          <reporter-output>
          </reporter-output>
        </test-method> <!-- setupTest -->
        <test-method signature="loginTestTC01()[pri:0, instance:tests.LoginTest@411341bd]" started-at="2023-09-04T22:51:02 GMT-07:00" name="loginTestTC01" finished-at="2023-09-04T22:51:05 GMT-07:00" duration-ms="2807" status="PASS">
          <reporter-output>
          </reporter-output>
        </test-method> <!-- loginTestTC01 -->
        <test-method is-config="true" signature="tearDown(java.lang.reflect.Method)[pri:0, instance:tests.LoginTest@411341bd]" started-at="2023-09-04T22:51:05 GMT-07:00" name="tearDown" finished-at="2023-09-04T22:51:05 GMT-07:00" duration-ms="2" status="PASS">
          <params>
            <param index="0">
              <value>
                <![CDATA[public void tests.LoginTest.loginTestTC01() throws java.io.IOException]]>
              </value>
            </param>
          </params>
          <reporter-output>
          </reporter-output>
        </test-method> <!-- tearDown -->
        <test-method is-config="true" signature="removeDriver()[pri:0, instance:tests.LoginTest@411341bd]" started-at="2023-09-04T22:51:05 GMT-07:00" name="removeDriver" finished-at="2023-09-04T22:51:06 GMT-07:00" duration-ms="1215" status="PASS">
          <reporter-output>
          </reporter-output>
        </test-method> <!-- removeDriver -->
      </class> <!-- tests.LoginTest -->
    </test> <!-- Default test -->
  </suite> <!-- Default suite -->
</testng-results>
